<?xml version="1.0" encoding="UTF-8"?>
<beans xmlns="http://www.springframework.org/schema/beans"
       xmlns:p="http://www.springframework.org/schema/p"
       xmlns:xsi="http://www.w3.org/2001/XMLSchema-instance" xmlns:util="http://www.springframework.org/schema/util"
       xsi:schemaLocation="http://www.springframework.org/schema/beans http://www.springframework.org/schema/beans/spring-beans.xsd http://www.springframework.org/schema/util http://www.springframework.org/schema/util/spring-util.xsd">

    <bean id="snapp.integration.user.dao" class="snapp.integration.UserDaoImpl" p:users-ref="snapp.users"/>

    <util:list id="snapp.users">
        <bean class="snapp.domain.User" p:username="User1" />
        <bean class="snapp.domain.User" p:username="User2" />
        <bean class="snapp.domain.User" p:username="User3" />
        <bean class="snapp.domain.User" p:username="User4" />
    </util:list>

</beans>